[2020/06/30 17:56:13] - Namespace(alpha=2, attack_iters=7, batch_size=128, data_dir='/mnt/storage0_8/torch_datasets/svhn-data', epochs=10, eps=8, fname='train', loss_scale='1.0', lr_max=0.2, lr_min=0.0, lr_schedule='cyclic', master_weights=False, model='pr18', momentum=0.9, opt_level='O2', seed=0, weight_decay=0.0005)
[2020/06/30 17:56:15] - Epoch 	 Seconds 	 LR 	 	 Train Loss 	 Train Acc
[2020/06/30 17:58:26] - 0 	 130.7 	 	 0.0400 	 2.3250 	 0.1744
[2020/06/30 18:00:38] - 1 	 132.1 	 	 0.0800 	 2.2432 	 0.1865
[2020/06/30 18:02:50] - 2 	 132.2 	 	 0.1200 	 1.9415 	 0.3136
[2020/06/30 18:05:02] - 3 	 131.9 	 	 0.1600 	 1.4414 	 0.5122
[2020/06/30 18:07:14] - 4 	 131.9 	 	 0.2000 	 1.3445 	 0.5435
[2020/06/30 18:09:26] - 5 	 131.9 	 	 0.1600 	 1.2755 	 0.5665
[2020/06/30 18:11:38] - 6 	 131.9 	 	 0.1200 	 1.2143 	 0.5885
[2020/06/30 18:13:50] - 7 	 131.9 	 	 0.0800 	 1.1588 	 0.6061
[2020/06/30 18:16:02] - 8 	 131.9 	 	 0.0400 	 1.0957 	 0.6254
[2020/06/30 18:18:14] - 9 	 132.0 	 	 0.0000 	 0.9924 	 0.6593
[2020/06/30 18:18:14] - Total train time: 21.9742 minutes
[2020/06/30 18:22:23] - Test Loss 	 Test Acc 	 PGD20 Loss 	 PGD20 Acc
[2020/06/30 18:22:23] - 0.4078 		 0.9185 	  0.8492 	  0.5830
[2020/06/30 20:10:18] - Namespace(alpha=2, attack_iters=7, batch_size=128, data_dir='/mnt/storage0_8/torch_datasets/svhn-data', epochs=10, eps=8, fname='train', loss_scale='1.0', lr_max=0.2, lr_min=0.0, lr_schedule='cyclic', master_weights=False, model='vgg11', momentum=0.9, opt_level='O2', seed=0, weight_decay=0.0005)
[2020/06/30 20:10:20] - Epoch 	 Seconds 	 LR 	 	 Train Loss 	 Train Acc
[2020/06/30 20:11:14] - 0 	 54.2 	 	 0.0400 	 2.3836 	 0.1688
[2020/06/30 20:12:08] - 1 	 53.9 	 	 0.0800 	 2.2655 	 0.1817
[2020/06/30 20:13:02] - 2 	 53.8 	 	 0.1200 	 2.2462 	 0.1870
[2020/06/30 20:13:55] - 3 	 53.6 	 	 0.1600 	 2.2392 	 0.1888
[2020/06/30 20:14:49] - 4 	 53.8 	 	 0.2000 	 2.2383 	 0.1891
[2020/06/30 20:15:43] - 5 	 53.9 	 	 0.1600 	 2.1979 	 0.2072
[2020/06/30 20:16:37] - 6 	 53.9 	 	 0.1200 	 1.6120 	 0.4369
[2020/06/30 20:17:31] - 7 	 54.1 	 	 0.0800 	 1.4030 	 0.5145
[2020/06/30 20:18:25] - 8 	 53.7 	 	 0.0400 	 1.3080 	 0.5461
[2020/06/30 20:19:19] - 9 	 53.9 	 	 0.0000 	 1.2029 	 0.5813
[2020/06/30 20:19:19] - Total train time: 8.9789 minutes
[2020/06/30 20:20:28] - Test Loss 	 Test Acc 	 PGD20 Loss 	 PGD20 Acc
[2020/06/30 20:20:28] - 0.5512 		 0.8874 	  0.9990 	  0.5235
[2020/06/30 20:23:31] - Namespace(alpha=2, attack_iters=7, batch_size=128, data_dir='/mnt/storage0_8/torch_datasets/svhn-data', epochs=10, eps=8, fname='train', loss_scale='1.0', lr_max=0.2, lr_min=0.0, lr_schedule='cyclic', master_weights=False, model='vgg16', momentum=0.9, opt_level='O2', seed=0, weight_decay=0.0005)
[2020/06/30 20:23:33] - Epoch 	 Seconds 	 LR 	 	 Train Loss 	 Train Acc
[2020/06/30 20:24:50] - 0 	 77.7 	 	 0.0400 	 2.3726 	 0.1727
[2020/06/30 20:26:08] - 1 	 77.6 	 	 0.0800 	 2.2712 	 0.1825
[2020/06/30 20:27:26] - 2 	 77.7 	 	 0.1200 	 2.2473 	 0.1867
[2020/06/30 20:28:44] - 3 	 78.3 	 	 0.1600 	 2.2393 	 0.1888
[2020/06/30 20:30:02] - 4 	 78.5 	 	 0.2000 	 2.2079 	 0.1995
[2020/06/30 20:31:21] - 5 	 78.6 	 	 0.1600 	 1.7356 	 0.3928
[2020/06/30 20:32:39] - 6 	 78.5 	 	 0.1200 	 1.4396 	 0.5105
[2020/06/30 20:33:58] - 7 	 78.3 	 	 0.0800 	 1.3334 	 0.5445
[2020/06/30 20:35:16] - 8 	 78.3 	 	 0.0400 	 1.2497 	 0.5711
[2020/06/30 20:36:34] - 9 	 78.3 	 	 0.0000 	 1.1468 	 0.6060
[2020/06/30 20:36:34] - Total train time: 13.0281 minutes
[2020/06/30 20:38:40] - Test Loss 	 Test Acc 	 PGD20 Loss 	 PGD20 Acc
[2020/06/30 20:38:40] - 0.5217 		 0.9039 	  0.9650 	  0.5529
